<?xml version="1.0" encoding="UTF-8"?>
<testsuite name="basicRestAssured.BasicRestAssured" tests="3" skipped="0" failures="0" errors="0" timestamp="2022-02-24T12:22:58" hostname="SANTIAGO" time="9.543">
  <properties/>
  <testcase name="createProjectaExternalFile()" classname="basicRestAssured.BasicRestAssured" time="5.953"/>
  <testcase name="createProject()" classname="basicRestAssured.BasicRestAssured" time="1.923"/>
  <testcase name="createProjectaJSONObject()" classname="basicRestAssured.BasicRestAssured" time="1.664"/>
  <system-out><![CDATA[Request method:	POST
Request URI:	https://todo.ly/api/projects.json
Proxy:			<none>
Request params:	<none>
Query params:	<none>
Form params:	<none>
Path params:	<none>
Headers:		Authorization=Basic dXBiX2FwaUBhcGkuY29tOjEyMzQ1
				Accept=*/*
				Content-Type=text/plain; charset=ISO-8859-1
Cookies:		<none>
Multiparts:		<none>
Body:
C:\Users\santi\git_repo\API-Testing\src\test\resources\projectBody.json
HTTP/1.1 200 OK
Cache-Control: no-cache, no-store, must-revalidate
Pragma: no-cache
Content-Type: application/json; charset=utf-8
Expires: -1
Server: Microsoft-IIS/8.0
Set-Cookie: ASP.NET_SessionId=y5roybzu5v03dwxj4hjv313m; path=/; HttpOnly; SameSite=Lax
X-AspNetMvc-Version: 2.0
X-AspNet-Version: 4.0.30319
X-Powered-By: ASP.NET
Date: Thu, 24 Feb 2022 12:23:01 GMT
Content-Length: 406

{
    "Id": 3981679,
    "Content": "SantiagoVExternal",
    "ItemsCount": 0,
    "Icon": 5,
    "ItemType": 2,
    "ParentId": null,
    "Collapsed": false,
    "ItemOrder": 66,
    "Children": [
        
    ],
    "IsProjectShared": false,
    "ProjectShareOwnerName": null,
    "ProjectShareOwnerEmail": null,
    "IsShareApproved": false,
    "IsOwnProject": true,
    "LastSyncedDateTime": "/Date(1645705382334)/",
    "LastUpdatedDate": "/Date(1645705382333)/",
    "Deleted": false,
    "SyncClientCreationId": null
}
Request method:	POST
Request URI:	https://todo.ly/api/projects.json
Proxy:			<none>
Request params:	<none>
Query params:	<none>
Form params:	<none>
Path params:	<none>
Headers:		Authorization=Basic dXBiX2FwaUBhcGkuY29tOjEyMzQ1
				Accept=*/*
				Content-Type=text/plain; charset=ISO-8859-1
Cookies:		<none>
Multiparts:		<none>
Body:
{
  "Content":"SantiagoRestAssured",
  "Icon":"4"
}
HTTP/1.1 200 OK
Cache-Control: no-cache, no-store, must-revalidate
Pragma: no-cache
Content-Type: application/json; charset=utf-8
Expires: -1
Server: Microsoft-IIS/8.0
Set-Cookie: ASP.NET_SessionId=geepwtytpyyi5105r3521cld; path=/; HttpOnly; SameSite=Lax
X-AspNetMvc-Version: 2.0
X-AspNet-Version: 4.0.30319
X-Powered-By: ASP.NET
Date: Thu, 24 Feb 2022 12:23:04 GMT
Content-Length: 408

{
    "Id": 3981680,
    "Content": "SantiagoRestAssured",
    "ItemsCount": 0,
    "Icon": 4,
    "ItemType": 2,
    "ParentId": null,
    "Collapsed": false,
    "ItemOrder": 67,
    "Children": [
        
    ],
    "IsProjectShared": false,
    "ProjectShareOwnerName": null,
    "ProjectShareOwnerEmail": null,
    "IsShareApproved": false,
    "IsOwnProject": true,
    "LastSyncedDateTime": "/Date(1645705384393)/",
    "LastUpdatedDate": "/Date(1645705384377)/",
    "Deleted": false,
    "SyncClientCreationId": null
}
Request method:	POST
Request URI:	https://todo.ly/api/projects.json
Proxy:			<none>
Request params:	<none>
Query params:	<none>
Form params:	<none>
Path params:	<none>
Headers:		Authorization=Basic dXBiX2FwaUBhcGkuY29tOjEyMzQ1
				Accept=*/*
				Content-Type=text/plain; charset=ISO-8859-1
Cookies:		<none>
Multiparts:		<none>
Body:
{"Content":"SantiagoJSON","Icon":4}
HTTP/1.1 200 OK
Cache-Control: no-cache, no-store, must-revalidate
Pragma: no-cache
Content-Type: application/json; charset=utf-8
Expires: -1
Server: Microsoft-IIS/8.0
Set-Cookie: ASP.NET_SessionId=0qr1dpnwa3e3wzahtflk4lmy; path=/; HttpOnly; SameSite=Lax
X-AspNetMvc-Version: 2.0
X-AspNet-Version: 4.0.30319
X-Powered-By: ASP.NET
Date: Thu, 24 Feb 2022 12:23:06 GMT
Content-Length: 401

{
    "Id": 3981681,
    "Content": "SantiagoJSON",
    "ItemsCount": 0,
    "Icon": 4,
    "ItemType": 2,
    "ParentId": null,
    "Collapsed": false,
    "ItemOrder": 68,
    "Children": [
        
    ],
    "IsProjectShared": false,
    "ProjectShareOwnerName": null,
    "ProjectShareOwnerEmail": null,
    "IsShareApproved": false,
    "IsOwnProject": true,
    "LastSyncedDateTime": "/Date(1645705386171)/",
    "LastUpdatedDate": "/Date(1645705386170)/",
    "Deleted": false,
    "SyncClientCreationId": null
}
]]></system-out>
  <system-err><![CDATA[]]></system-err>
</testsuite>
